This is pdfTeX, Version 3.141592653-2.6-1.40.26 (TeX Live 2024) (preloaded format=pdflatex 2024.11.26)  20 MAY 2025 13:34
entering extended mode
 restricted \write18 enabled.
 file:line:error style messages enabled.
 %&-line parsing enabled.
**Thesis_ppt_Shivam.tex
(./Thesis_ppt_Shivam.tex
LaTeX2e <2024-11-01>
L3 programming layer <2024-11-02>
(/opt/texlive/2024/texmf-dist/tex/latex/beamer/beamer.cls
Document Class: beamer 2024/01/06 v3.71 A class for typesetting presentations
(/opt/texlive/2024/texmf-dist/tex/latex/beamer/beamerbasemodes.sty (/opt/texlive/2024/texmf-dist/tex/latex/etoolbox/etoolbox.sty
Package: etoolbox 2020/10/05 v2.5k e-TeX tools for LaTeX (JAW)
\etb@tempcnta=\count196
)
\beamer@tempbox=\box52
\beamer@tempcount=\count197
\c@beamerpauses=\count198
 (/opt/texlive/2024/texmf-dist/tex/latex/beamer/beamerbasedecode.sty
\beamer@slideinframe=\count199
\beamer@minimum=\count266
\beamer@decode@box=\box53
)
\beamer@commentbox=\box54
\beamer@modecount=\count267
) (/opt/texlive/2024/texmf-dist/tex/generic/iftex/iftex.sty
Package: iftex 2022/02/03 v1.0f TeX engine tests
)
\headdp=\dimen141
\footheight=\dimen142
\sidebarheight=\dimen143
\beamer@tempdim=\dimen144
\beamer@finalheight=\dimen145
\beamer@animht=\dimen146
\beamer@animdp=\dimen147
\beamer@animwd=\dimen148
\beamer@leftmargin=\dimen149
\beamer@rightmargin=\dimen150
\beamer@leftsidebar=\dimen151
\beamer@rightsidebar=\dimen152
\beamer@boxsize=\dimen153
\beamer@vboxoffset=\dimen154
\beamer@descdefault=\dimen155
\beamer@descriptionwidth=\dimen156
\beamer@lastskip=\skip49
\beamer@areabox=\box55
\beamer@animcurrent=\box56
\beamer@animshowbox=\box57
\beamer@sectionbox=\box58
\beamer@logobox=\box59
\beamer@linebox=\box60
\beamer@sectioncount=\count268
\beamer@subsubsectionmax=\count269
\beamer@subsectionmax=\count270
\beamer@sectionmax=\count271
\beamer@totalheads=\count272
\beamer@headcounter=\count273
\beamer@partstartpage=\count274
\beamer@sectionstartpage=\count275
\beamer@subsectionstartpage=\count276
\beamer@animationtempa=\count277
\beamer@animationtempb=\count278
\beamer@xpos=\count279
\beamer@ypos=\count280
\beamer@ypos@offset=\count281
\beamer@showpartnumber=\count282
\beamer@currentsubsection=\count283
\beamer@coveringdepth=\count284
\beamer@sectionadjust=\count285
\beamer@toclastsection=\count286
\beamer@tocsectionnumber=\count287
 (/opt/texlive/2024/texmf-dist/tex/latex/beamer/beamerbaseoptions.sty (/opt/texlive/2024/texmf-dist/tex/latex/graphics/keyval.sty
Package: keyval 2022/05/29 v1.15 key=value parser (DPC)
\KV@toks@=\toks17
))
\beamer@paperwidth=\skip50
\beamer@paperheight=\skip51
 (/opt/texlive/2024/texmf-dist/tex/latex/geometry/geometry.sty
Package: geometry 2020/01/02 v5.9 Page Geometry
 (/opt/texlive/2024/texmf-dist/tex/generic/iftex/ifvtex.sty
Package: ifvtex 2019/10/25 v1.7 ifvtex legacy package. Use iftex instead.
)
\Gm@cnth=\count288
\Gm@cntv=\count289
\c@Gm@tempcnt=\count290
\Gm@bindingoffset=\dimen157
\Gm@wd@mp=\dimen158
\Gm@odd@mp=\dimen159
\Gm@even@mp=\dimen160
\Gm@layoutwidth=\dimen161
\Gm@layoutheight=\dimen162
\Gm@layouthoffset=\dimen163
\Gm@layoutvoffset=\dimen164
\Gm@dimlist=\toks18
) (/opt/texlive/2024/texmf-dist/tex/latex/pgf/math/pgfmath.sty (/opt/texlive/2024/texmf-dist/tex/latex/pgf/utilities/pgfrcs.sty (/opt/texlive/2024/texmf-dist/tex/generic/pgf/utilities/pgfutil-common.tex
\pgfutil@everybye=\toks19
\pgfutil@tempdima=\dimen165
\pgfutil@tempdimb=\dimen166
) (/opt/texlive/2024/texmf-dist/tex/generic/pgf/utilities/pgfutil-latex.def
\pgfutil@abb=\box61
) (/opt/texlive/2024/texmf-dist/tex/generic/pgf/utilities/pgfrcs.code.tex (/opt/texlive/2024/texmf-dist/tex/generic/pgf/pgf.revision.tex)
Package: pgfrcs 2023-01-15 v3.1.10 (3.1.10)
)) (/opt/texlive/2024/texmf-dist/tex/latex/pgf/utilities/pgfkeys.sty (/opt/texlive/2024/texmf-dist/tex/generic/pgf/utilities/pgfkeys.code.tex
\pgfkeys@pathtoks=\toks20
\pgfkeys@temptoks=\toks21
 (/opt/texlive/2024/texmf-dist/tex/generic/pgf/utilities/pgfkeyslibraryfiltered.code.tex
\pgfkeys@tmptoks=\toks22
))) (/opt/texlive/2024/texmf-dist/tex/generic/pgf/math/pgfmath.code.tex (/opt/texlive/2024/texmf-dist/tex/generic/pgf/math/pgfmathutil.code.tex
\pgf@x=\dimen167
\pgf@xa=\dimen168
\pgf@xb=\dimen169
\pgf@xc=\dimen170
\pgf@y=\dimen171
\pgf@ya=\dimen172
\pgf@yb=\dimen173
\pgf@yc=\dimen174
\c@pgf@counta=\count291
\c@pgf@countb=\count292
\c@pgf@countc=\count293
\c@pgf@countd=\count294
) (/opt/texlive/2024/texmf-dist/tex/generic/pgf/math/pgfmathparser.code.tex
\pgfmath@dimen=\dimen175
\pgfmath@count=\count295
\pgfmath@box=\box62
\pgfmath@toks=\toks23
\pgfmath@stack@operand=\toks24
\pgfmath@stack@operation=\toks25
) (/opt/texlive/2024/texmf-dist/tex/generic/pgf/math/pgfmathfunctions.code.tex) (/opt/texlive/2024/texmf-dist/tex/generic/pgf/math/pgfmathfunctions.basic.code.tex) (/opt/texlive/2024/texmf-dist/tex/generic/pgf/math/pgfmathfunctions.trigonometric.code.tex) (/opt/texlive/2024/texmf-dist/tex/generic/pgf/math/pgfmathfunctions.random.code.tex) (/opt/texlive/2024/texmf-dist/tex/generic/pgf/math/pgfmathfunctions.comparison.code.tex) (/opt/texlive/2024/texmf-dist/tex/generic/pgf/math/pgfmathfunctions.base.code.tex) (/opt/texlive/2024/texmf-dist/tex/generic/pgf/math/pgfmathfunctions.round.code.tex)
(/opt/texlive/2024/texmf-dist/tex/generic/pgf/math/pgfmathfunctions.misc.code.tex) (/opt/texlive/2024/texmf-dist/tex/generic/pgf/math/pgfmathfunctions.integerarithmetics.code.tex) (/opt/texlive/2024/texmf-dist/tex/generic/pgf/math/pgfmathcalc.code.tex) (/opt/texlive/2024/texmf-dist/tex/generic/pgf/math/pgfmathfloat.code.tex
\c@pgfmathroundto@lastzeros=\count296
))) (/opt/texlive/2024/texmf-dist/tex/latex/base/size10.clo
File: size10.clo 2024/06/29 v1.4n Standard LaTeX file (size option)
) (/opt/texlive/2024/texmf-dist/tex/latex/pgf/basiclayer/pgfcore.sty (/opt/texlive/2024/texmf-dist/tex/latex/graphics/graphicx.sty
Package: graphicx 2021/09/16 v1.2d Enhanced LaTeX Graphics (DPC,SPQR)
 (/opt/texlive/2024/texmf-dist/tex/latex/graphics/graphics.sty
Package: graphics 2024/08/06 v1.4g Standard LaTeX Graphics (DPC,SPQR)
 (/opt/texlive/2024/texmf-dist/tex/latex/graphics/trig.sty
Package: trig 2023/12/02 v1.11 sin cos tan (DPC)
) (/opt/texlive/2024/texmf-dist/tex/latex/graphics-cfg/graphics.cfg
File: graphics.cfg 2016/06/04 v1.11 sample graphics configuration
)
Package graphics Info: Driver file: pdftex.def on input line 106.
 (/opt/texlive/2024/texmf-dist/tex/latex/graphics-def/pdftex.def
File: pdftex.def 2024/04/13 v1.2c Graphics/color driver for pdftex
))
\Gin@req@height=\dimen176
\Gin@req@width=\dimen177
) (/opt/texlive/2024/texmf-dist/tex/latex/pgf/systemlayer/pgfsys.sty (/opt/texlive/2024/texmf-dist/tex/generic/pgf/systemlayer/pgfsys.code.tex
Package: pgfsys 2023-01-15 v3.1.10 (3.1.10)
\pgf@x=\dimen178
\pgf@y=\dimen179
\pgf@xa=\dimen180
\pgf@ya=\dimen181
\pgf@xb=\dimen182
\pgf@yb=\dimen183
\pgf@xc=\dimen184
\pgf@yc=\dimen185
\pgf@xd=\dimen186
\pgf@yd=\dimen187
\w@pgf@writea=\write3
\r@pgf@reada=\read2
\c@pgf@counta=\count297
\c@pgf@countb=\count298
\c@pgf@countc=\count299
\c@pgf@countd=\count300
\t@pgf@toka=\toks26
\t@pgf@tokb=\toks27
\t@pgf@tokc=\toks28
\pgf@sys@id@count=\count301
 (/opt/texlive/2024/texmf-dist/tex/generic/pgf/systemlayer/pgf.cfg
File: pgf.cfg 2023-01-15 v3.1.10 (3.1.10)
)
Driver file for pgf: pgfsys-pdftex.def
 (/opt/texlive/2024/texmf-dist/tex/generic/pgf/systemlayer/pgfsys-pdftex.def
File: pgfsys-pdftex.def 2023-01-15 v3.1.10 (3.1.10)
 (/opt/texlive/2024/texmf-dist/tex/generic/pgf/systemlayer/pgfsys-common-pdf.def
File: pgfsys-common-pdf.def 2023-01-15 v3.1.10 (3.1.10)
))) (/opt/texlive/2024/texmf-dist/tex/generic/pgf/systemlayer/pgfsyssoftpath.code.tex
File: pgfsyssoftpath.code.tex 2023-01-15 v3.1.10 (3.1.10)
\pgfsyssoftpath@smallbuffer@items=\count302
\pgfsyssoftpath@bigbuffer@items=\count303
) (/opt/texlive/2024/texmf-dist/tex/generic/pgf/systemlayer/pgfsysprotocol.code.tex
File: pgfsysprotocol.code.tex 2023-01-15 v3.1.10 (3.1.10)
)) (/opt/texlive/2024/texmf-dist/tex/latex/xcolor/xcolor.sty
Package: xcolor 2024/09/29 v3.02 LaTeX color extensions (UK)
 (/opt/texlive/2024/texmf-dist/tex/latex/graphics-cfg/color.cfg
File: color.cfg 2016/01/02 v1.6 sample color configuration
)
Package xcolor Info: Driver file: pdftex.def on input line 274.
 (/opt/texlive/2024/texmf-dist/tex/latex/graphics/mathcolor.ltx)
Package xcolor Info: Model `cmy' substituted by `cmy0' on input line 1349.
Package xcolor Info: Model `hsb' substituted by `rgb' on input line 1353.
Package xcolor Info: Model `RGB' extended on input line 1365.
Package xcolor Info: Model `HTML' substituted by `rgb' on input line 1367.
Package xcolor Info: Model `Hsb' substituted by `hsb' on input line 1368.
Package xcolor Info: Model `tHsb' substituted by `hsb' on input line 1369.
Package xcolor Info: Model `HSB' substituted by `hsb' on input line 1370.
Package xcolor Info: Model `Gray' substituted by `gray' on input line 1371.
Package xcolor Info: Model `wave' substituted by `hsb' on input line 1372.
) (/opt/texlive/2024/texmf-dist/tex/generic/pgf/basiclayer/pgfcore.code.tex
Package: pgfcore 2023-01-15 v3.1.10 (3.1.10)
 (/opt/texlive/2024/texmf-dist/tex/generic/pgf/math/pgfint.code.tex) (/opt/texlive/2024/texmf-dist/tex/generic/pgf/basiclayer/pgfcorepoints.code.tex
File: pgfcorepoints.code.tex 2023-01-15 v3.1.10 (3.1.10)
\pgf@picminx=\dimen188
\pgf@picmaxx=\dimen189
\pgf@picminy=\dimen190
\pgf@picmaxy=\dimen191
\pgf@pathminx=\dimen192
\pgf@pathmaxx=\dimen193
\pgf@pathminy=\dimen194
\pgf@pathmaxy=\dimen195
\pgf@xx=\dimen196
\pgf@xy=\dimen197
\pgf@yx=\dimen198
\pgf@yy=\dimen199
\pgf@zx=\dimen256
\pgf@zy=\dimen257
) (/opt/texlive/2024/texmf-dist/tex/generic/pgf/basiclayer/pgfcorepathconstruct.code.tex
File: pgfcorepathconstruct.code.tex 2023-01-15 v3.1.10 (3.1.10)
\pgf@path@lastx=\dimen258
\pgf@path@lasty=\dimen259
) (/opt/texlive/2024/texmf-dist/tex/generic/pgf/basiclayer/pgfcorepathusage.code.tex
File: pgfcorepathusage.code.tex 2023-01-15 v3.1.10 (3.1.10)
\pgf@shorten@end@additional=\dimen260
\pgf@shorten@start@additional=\dimen261
) (/opt/texlive/2024/texmf-dist/tex/generic/pgf/basiclayer/pgfcorescopes.code.tex
File: pgfcorescopes.code.tex 2023-01-15 v3.1.10 (3.1.10)
\pgfpic=\box63
\pgf@hbox=\box64
\pgf@layerbox@main=\box65
\pgf@picture@serial@count=\count304
)
(/opt/texlive/2024/texmf-dist/tex/generic/pgf/basiclayer/pgfcoregraphicstate.code.tex
File: pgfcoregraphicstate.code.tex 2023-01-15 v3.1.10 (3.1.10)
\pgflinewidth=\dimen262
) (/opt/texlive/2024/texmf-dist/tex/generic/pgf/basiclayer/pgfcoretransformations.code.tex
File: pgfcoretransformations.code.tex 2023-01-15 v3.1.10 (3.1.10)
\pgf@pt@x=\dimen263
\pgf@pt@y=\dimen264
\pgf@pt@temp=\dimen265
) (/opt/texlive/2024/texmf-dist/tex/generic/pgf/basiclayer/pgfcorequick.code.tex
File: pgfcorequick.code.tex 2023-01-15 v3.1.10 (3.1.10)
) (/opt/texlive/2024/texmf-dist/tex/generic/pgf/basiclayer/pgfcoreobjects.code.tex
File: pgfcoreobjects.code.tex 2023-01-15 v3.1.10 (3.1.10)
) (/opt/texlive/2024/texmf-dist/tex/generic/pgf/basiclayer/pgfcorepathprocessing.code.tex
File: pgfcorepathprocessing.code.tex 2023-01-15 v3.1.10 (3.1.10)
) (/opt/texlive/2024/texmf-dist/tex/generic/pgf/basiclayer/pgfcorearrows.code.tex
File: pgfcorearrows.code.tex 2023-01-15 v3.1.10 (3.1.10)
\pgfarrowsep=\dimen266
) (/opt/texlive/2024/texmf-dist/tex/generic/pgf/basiclayer/pgfcoreshade.code.tex
File: pgfcoreshade.code.tex 2023-01-15 v3.1.10 (3.1.10)
\pgf@max=\dimen267
\pgf@sys@shading@range@num=\count305
\pgf@shadingcount=\count306
) (/opt/texlive/2024/texmf-dist/tex/generic/pgf/basiclayer/pgfcoreimage.code.tex
File: pgfcoreimage.code.tex 2023-01-15 v3.1.10 (3.1.10)
) (/opt/texlive/2024/texmf-dist/tex/generic/pgf/basiclayer/pgfcoreexternal.code.tex
File: pgfcoreexternal.code.tex 2023-01-15 v3.1.10 (3.1.10)
\pgfexternal@startupbox=\box66
) (/opt/texlive/2024/texmf-dist/tex/generic/pgf/basiclayer/pgfcorelayers.code.tex
File: pgfcorelayers.code.tex 2023-01-15 v3.1.10 (3.1.10)
) (/opt/texlive/2024/texmf-dist/tex/generic/pgf/basiclayer/pgfcoretransparency.code.tex
File: pgfcoretransparency.code.tex 2023-01-15 v3.1.10 (3.1.10)
) (/opt/texlive/2024/texmf-dist/tex/generic/pgf/basiclayer/pgfcorepatterns.code.tex
File: pgfcorepatterns.code.tex 2023-01-15 v3.1.10 (3.1.10)
) (/opt/texlive/2024/texmf-dist/tex/generic/pgf/basiclayer/pgfcorerdf.code.tex
File: pgfcorerdf.code.tex 2023-01-15 v3.1.10 (3.1.10)
))) (/opt/texlive/2024/texmf-dist/tex/latex/pgf/utilities/xxcolor.sty
Package: xxcolor 2003/10/24 ver 0.1
\XC@nummixins=\count307
\XC@countmixins=\count308
) (/opt/texlive/2024/texmf-dist/tex/latex/base/atbegshi-ltx.sty
Package: atbegshi-ltx 2021/01/10 v1.0c Emulation of the original atbegshi
package with kernel methods
) (/opt/texlive/2024/texmf-dist/tex/latex/hyperref/hyperref.sty
Package: hyperref 2024-11-05 v7.01l Hypertext links for LaTeX
 (/opt/texlive/2024/texmf-dist/tex/latex/kvsetkeys/kvsetkeys.sty
Package: kvsetkeys 2022-10-05 v1.19 Key value parser (HO)
) (/opt/texlive/2024/texmf-dist/tex/generic/kvdefinekeys/kvdefinekeys.sty
Package: kvdefinekeys 2019-12-19 v1.6 Define keys (HO)
) (/opt/texlive/2024/texmf-dist/tex/generic/pdfescape/pdfescape.sty
Package: pdfescape 2019/12/09 v1.15 Implements pdfTeX's escape features (HO)
 (/opt/texlive/2024/texmf-dist/tex/generic/ltxcmds/ltxcmds.sty
Package: ltxcmds 2023-12-04 v1.26 LaTeX kernel commands for general use (HO)
) (/opt/texlive/2024/texmf-dist/tex/generic/pdftexcmds/pdftexcmds.sty
Package: pdftexcmds 2020-06-27 v0.33 Utility functions of pdfTeX for LuaTeX (HO)
 (/opt/texlive/2024/texmf-dist/tex/generic/infwarerr/infwarerr.sty
Package: infwarerr 2019/12/03 v1.5 Providing info/warning/error messages (HO)
)
Package pdftexcmds Info: \pdf@primitive is available.
Package pdftexcmds Info: \pdf@ifprimitive is available.
Package pdftexcmds Info: \pdfdraftmode found.
)) (/opt/texlive/2024/texmf-dist/tex/latex/hycolor/hycolor.sty
Package: hycolor 2020-01-27 v1.10 Color options for hyperref/bookmark (HO)
) (/opt/texlive/2024/texmf-dist/tex/latex/hyperref/nameref.sty
Package: nameref 2023-11-26 v2.56 Cross-referencing by name of section
 (/opt/texlive/2024/texmf-dist/tex/latex/refcount/refcount.sty
Package: refcount 2019/12/15 v3.6 Data extraction from label references (HO)
) (/opt/texlive/2024/texmf-dist/tex/generic/gettitlestring/gettitlestring.sty
Package: gettitlestring 2019/12/15 v1.6 Cleanup title references (HO)

(/opt/texlive/2024/texmf-dist/tex/latex/kvoptions/kvoptions.sty
Package: kvoptions 2022-06-15 v3.15 Key value format for package options (HO)
))
\c@section@level=\count309
) (/opt/texlive/2024/texmf-dist/tex/generic/stringenc/stringenc.sty
Package: stringenc 2019/11/29 v1.12 Convert strings between diff. encodings (HO)
)
\@linkdim=\dimen268
\Hy@linkcounter=\count310
\Hy@pagecounter=\count311
 (/opt/texlive/2024/texmf-dist/tex/latex/hyperref/pd1enc.def
File: pd1enc.def 2024-11-05 v7.01l Hyperref: PDFDocEncoding definition (HO)
Now handling font encoding PD1 ...
... no UTF-8 mapping file for font encoding PD1
) (/opt/texlive/2024/texmf-dist/tex/generic/intcalc/intcalc.sty
Package: intcalc 2019/12/15 v1.3 Expandable calculations with integers (HO)
)
\Hy@SavedSpaceFactor=\count312
 (/opt/texlive/2024/texmf-dist/tex/latex/hyperref/puenc.def
File: puenc.def 2024-11-05 v7.01l Hyperref: PDF Unicode definition (HO)
Now handling font encoding PU ...
... no UTF-8 mapping file for font encoding PU
)
Package hyperref Info: Option `bookmarks' set `true' on input line 4040.
Package hyperref Info: Option `bookmarksopen' set `true' on input line 4040.
Package hyperref Info: Option `implicit' set `false' on input line 4040.
Package hyperref Info: Hyper figures OFF on input line 4157.
Package hyperref Info: Link nesting OFF on input line 4162.
Package hyperref Info: Hyper index ON on input line 4165.
Package hyperref Info: Plain pages OFF on input line 4172.
Package hyperref Info: Backreferencing OFF on input line 4177.
Package hyperref Info: Implicit mode OFF; no redefinition of LaTeX internals.
Package hyperref Info: Bookmarks ON on input line 4424.
\c@Hy@tempcnt=\count313
 (/opt/texlive/2024/texmf-dist/tex/latex/url/url.sty
\Urlmuskip=\muskip17
Package: url 2013/09/16  ver 3.4  Verb mode for urls, etc.
)
LaTeX Info: Redefining \url on input line 4763.
\XeTeXLinkMargin=\dimen269
 (/opt/texlive/2024/texmf-dist/tex/generic/bitset/bitset.sty
Package: bitset 2019/12/09 v1.3 Handle bit-vector datatype (HO)
 (/opt/texlive/2024/texmf-dist/tex/generic/bigintcalc/bigintcalc.sty
Package: bigintcalc 2019/12/15 v1.5 Expandable calculations on big integers (HO)
))
\Fld@menulength=\count314
\Field@Width=\dimen270
\Fld@charsize=\dimen271
Package hyperref Info: Hyper figures OFF on input line 6042.
Package hyperref Info: Link nesting OFF on input line 6047.
Package hyperref Info: Hyper index ON on input line 6050.
Package hyperref Info: backreferencing OFF on input line 6057.
Package hyperref Info: Link coloring OFF on input line 6062.
Package hyperref Info: Link coloring with OCG OFF on input line 6067.
Package hyperref Info: PDF/A mode OFF on input line 6072.
\Hy@abspage=\count315


Package hyperref Message: Stopped early.

)
Package hyperref Info: Driver (autodetected): hpdftex.
 (/opt/texlive/2024/texmf-dist/tex/latex/hyperref/hpdftex.def
File: hpdftex.def 2024-11-05 v7.01l Hyperref driver for pdfTeX
 (/opt/texlive/2024/texmf-dist/tex/latex/base/atveryend-ltx.sty
Package: atveryend-ltx 2020/08/19 v1.0a Emulation of the original atveryend package
with kernel methods
)
\Fld@listcount=\count316
\c@bookmark@seq@number=\count317
 (/opt/texlive/2024/texmf-dist/tex/latex/rerunfilecheck/rerunfilecheck.sty
Package: rerunfilecheck 2022-07-10 v1.10 Rerun checks for auxiliary files (HO)
 (/opt/texlive/2024/texmf-dist/tex/generic/uniquecounter/uniquecounter.sty
Package: uniquecounter 2019/12/15 v1.4 Provide unlimited unique counter (HO)
)
Package uniquecounter Info: New unique counter `rerunfilecheck' on input line 285.
)) (/opt/texlive/2024/texmf-dist/tex/latex/beamer/beamerbaserequires.sty (/opt/texlive/2024/texmf-dist/tex/latex/beamer/beamerbasecompatibility.sty) (/opt/texlive/2024/texmf-dist/tex/latex/beamer/beamerbasefont.sty (/opt/texlive/2024/texmf-dist/tex/latex/amsfonts/amssymb.sty
Package: amssymb 2013/01/14 v3.01 AMS font symbols
 (/opt/texlive/2024/texmf-dist/tex/latex/amsfonts/amsfonts.sty
Package: amsfonts 2013/01/14 v3.01 Basic AMSFonts support
\@emptytoks=\toks29
\symAMSa=\mathgroup4
\symAMSb=\mathgroup5
LaTeX Font Info:    Redeclaring math symbol \hbar on input line 98.
LaTeX Font Info:    Overwriting math alphabet `\mathfrak' in version `bold'
(Font)                  U/euf/m/n --> U/euf/b/n on input line 106.
)) (/opt/texlive/2024/texmf-dist/tex/latex/sansmathaccent/sansmathaccent.sty
Package: sansmathaccent 2020/01/31
 (/opt/texlive/2024/texmf-dist/tex/latex/koma-script/scrlfile.sty
Package: scrlfile 2024/10/24 v3.43 KOMA-Script package (file load hooks)
 (/opt/texlive/2024/texmf-dist/tex/latex/koma-script/scrlfile-hook.sty
Package: scrlfile-hook 2024/10/24 v3.43 KOMA-Script package (using LaTeX hooks)
 (/opt/texlive/2024/texmf-dist/tex/latex/koma-script/scrlogo.sty
Package: scrlogo 2024/10/24 v3.43 KOMA-Script package (logo)
))))) (/opt/texlive/2024/texmf-dist/tex/latex/beamer/beamerbasetranslator.sty (/opt/texlive/2024/texmf-dist/tex/latex/translator/translator.sty
Package: translator 2021-05-31 v1.12d Easy translation of strings in LaTeX
)) (/opt/texlive/2024/texmf-dist/tex/latex/beamer/beamerbasemisc.sty) (/opt/texlive/2024/texmf-dist/tex/latex/beamer/beamerbasetwoscreens.sty) (/opt/texlive/2024/texmf-dist/tex/latex/beamer/beamerbaseoverlay.sty
\beamer@argscount=\count318
\beamer@lastskipcover=\skip52
\beamer@trivlistdepth=\count319
) (/opt/texlive/2024/texmf-dist/tex/latex/beamer/beamerbasetitle.sty) (/opt/texlive/2024/texmf-dist/tex/latex/beamer/beamerbasesection.sty
\c@lecture=\count320
\c@part=\count321
\c@section=\count322
\c@subsection=\count323
\c@subsubsection=\count324
) (/opt/texlive/2024/texmf-dist/tex/latex/beamer/beamerbaseframe.sty
\beamer@framebox=\box67
\beamer@frametitlebox=\box68
\beamer@zoombox=\box69
\beamer@zoomcount=\count325
\beamer@zoomframecount=\count326
\beamer@frametextheight=\dimen272
\c@subsectionslide=\count327
\beamer@frametopskip=\skip53
\beamer@framebottomskip=\skip54
\beamer@frametopskipautobreak=\skip55
\beamer@framebottomskipautobreak=\skip56
\beamer@envbody=\toks30
\framewidth=\dimen273
\c@framenumber=\count328
) (/opt/texlive/2024/texmf-dist/tex/latex/beamer/beamerbaseverbatim.sty
\beamer@verbatimfileout=\write4
) (/opt/texlive/2024/texmf-dist/tex/latex/beamer/beamerbaseframesize.sty
\beamer@splitbox=\box70
\beamer@autobreakcount=\count329
\beamer@autobreaklastheight=\dimen274
\beamer@frametitletoks=\toks31
\beamer@framesubtitletoks=\toks32
) (/opt/texlive/2024/texmf-dist/tex/latex/beamer/beamerbaseframecomponents.sty
\beamer@footins=\box71
) (/opt/texlive/2024/texmf-dist/tex/latex/beamer/beamerbasecolor.sty) (/opt/texlive/2024/texmf-dist/tex/latex/beamer/beamerbasenotes.sty
\beamer@frameboxcopy=\box72
) (/opt/texlive/2024/texmf-dist/tex/latex/beamer/beamerbasetoc.sty) (/opt/texlive/2024/texmf-dist/tex/latex/beamer/beamerbasetemplates.sty
\beamer@sbttoks=\toks33

(/opt/texlive/2024/texmf-dist/tex/latex/beamer/beamerbaseauxtemplates.sty (/opt/texlive/2024/texmf-dist/tex/latex/beamer/beamerbaseboxes.sty
\bmb@box=\box73
\bmb@colorbox=\box74
\bmb@boxwidth=\dimen275
\bmb@boxheight=\dimen276
\bmb@prevheight=\dimen277
\bmb@temp=\dimen278
\bmb@dima=\dimen279
\bmb@dimb=\dimen280
\bmb@prevheight=\dimen281
)
\beamer@blockheadheight=\dimen282
)) (/opt/texlive/2024/texmf-dist/tex/latex/beamer/beamerbaselocalstructure.sty (/opt/texlive/2024/texmf-dist/tex/latex/tools/enumerate.sty
Package: enumerate 2023/07/04 v3.00 enumerate extensions (DPC)
\@enLab=\toks34
)
\beamer@bibiconwidth=\skip57
\c@figure=\count330
\c@table=\count331
\abovecaptionskip=\skip58
\belowcaptionskip=\skip59
) (/opt/texlive/2024/texmf-dist/tex/latex/beamer/beamerbasenavigation.sty (/opt/texlive/2024/texmf-dist/tex/latex/beamer/beamerbasenavigationsymbols.tex)
\beamer@section@min@dim=\dimen283
) (/opt/texlive/2024/texmf-dist/tex/latex/beamer/beamerbasetheorems.sty (/opt/texlive/2024/texmf-dist/tex/latex/amsmath/amsmath.sty
Package: amsmath 2024/11/05 v2.17t AMS math features
\@mathmargin=\skip60

For additional information on amsmath, use the `?' option.
(/opt/texlive/2024/texmf-dist/tex/latex/amsmath/amstext.sty
Package: amstext 2021/08/26 v2.01 AMS text
 (/opt/texlive/2024/texmf-dist/tex/latex/amsmath/amsgen.sty
File: amsgen.sty 1999/11/30 v2.0 generic functions
\@emptytoks=\toks35
\ex@=\dimen284
)) (/opt/texlive/2024/texmf-dist/tex/latex/amsmath/amsbsy.sty
Package: amsbsy 1999/11/29 v1.2d Bold Symbols
\pmbraise@=\dimen285
) (/opt/texlive/2024/texmf-dist/tex/latex/amsmath/amsopn.sty
Package: amsopn 2022/04/08 v2.04 operator names
)
\inf@bad=\count332
LaTeX Info: Redefining \frac on input line 233.
\uproot@=\count333
\leftroot@=\count334
LaTeX Info: Redefining \overline on input line 398.
LaTeX Info: Redefining \colon on input line 409.
\classnum@=\count335
\DOTSCASE@=\count336
LaTeX Info: Redefining \ldots on input line 495.
LaTeX Info: Redefining \dots on input line 498.
LaTeX Info: Redefining \cdots on input line 619.
\Mathstrutbox@=\box75
\strutbox@=\box76
LaTeX Info: Redefining \big on input line 721.
LaTeX Info: Redefining \Big on input line 722.
LaTeX Info: Redefining \bigg on input line 723.
LaTeX Info: Redefining \Bigg on input line 724.
\big@size=\dimen286
LaTeX Font Info:    Redeclaring font encoding OML on input line 742.
LaTeX Font Info:    Redeclaring font encoding OMS on input line 743.
\macc@depth=\count337
LaTeX Info: Redefining \bmod on input line 904.
LaTeX Info: Redefining \pmod on input line 909.
LaTeX Info: Redefining \smash on input line 939.
LaTeX Info: Redefining \relbar on input line 969.
LaTeX Info: Redefining \Relbar on input line 970.
\c@MaxMatrixCols=\count338
\dotsspace@=\muskip18
\c@parentequation=\count339
\dspbrk@lvl=\count340
\tag@help=\toks36
\row@=\count341
\column@=\count342
\maxfields@=\count343
\andhelp@=\toks37
\eqnshift@=\dimen287
\alignsep@=\dimen288
\tagshift@=\dimen289
\tagwidth@=\dimen290
\totwidth@=\dimen291
\lineht@=\dimen292
\@envbody=\toks38
\multlinegap=\skip61
\multlinetaggap=\skip62
\mathdisplay@stack=\toks39
LaTeX Info: Redefining \[ on input line 2953.
LaTeX Info: Redefining \] on input line 2954.
) (/opt/texlive/2024/texmf-dist/tex/latex/amscls/amsthm.sty
Package: amsthm 2020/05/29 v2.20.6
\thm@style=\toks40
\thm@bodyfont=\toks41
\thm@headfont=\toks42
\thm@notefont=\toks43
\thm@headpunct=\toks44
\thm@preskip=\skip63
\thm@postskip=\skip64
\thm@headsep=\skip65
\dth@everypar=\toks45
)
\c@theorem=\count344
) (/opt/texlive/2024/texmf-dist/tex/latex/beamer/beamerbasethemes.sty)) (/opt/texlive/2024/texmf-dist/tex/latex/beamer/beamerthemedefault.sty (/opt/texlive/2024/texmf-dist/tex/latex/beamer/beamerfontthemedefault.sty) (/opt/texlive/2024/texmf-dist/tex/latex/beamer/beamercolorthemedefault.sty) (/opt/texlive/2024/texmf-dist/tex/latex/beamer/beamerinnerthemedefault.sty
\beamer@dima=\dimen293
\beamer@dimb=\dimen294
) (/opt/texlive/2024/texmf-dist/tex/latex/beamer/beamerouterthemedefault.sty))) (./beamerthemeIITR.sty
Package: beamerthemeIITR 2015/07/20
 (/opt/texlive/2024/texmf-dist/tex/latex/beamer/beamerfontthemestructurebold.sty) (/opt/texlive/2024/texmf-dist/tex/latex/beamer/beamercolorthemestructure.sty) (/opt/texlive/2024/texmf-dist/tex/latex/beamer/beamercolorthemerose.sty) (/opt/texlive/2024/texmf-dist/tex/latex/psnfss/pifont.sty
Package: pifont 2020/03/25 PSNFSS-v9.3 Pi font support (SPQR) 
LaTeX Font Info:    Trying to load font information for U+pzd on input line 63.
 (/opt/texlive/2024/texmf-dist/tex/latex/psnfss/upzd.fd
File: upzd.fd 2001/06/04 font definitions for U/pzd.
)
LaTeX Font Info:    Trying to load font information for U+psy on input line 64.
 (/opt/texlive/2024/texmf-dist/tex/latex/psnfss/upsy.fd
File: upsy.fd 2001/06/04 font definitions for U/psy.
)) (/opt/texlive/2024/texmf-dist/tex/latex/beamer/beamerinnerthemerounded.sty) (/opt/texlive/2024/texmf-dist/tex/latex/beamer/beamerouterthemetree.sty)) (/opt/texlive/2024/texmf-dist/tex/latex/textpos/textpos.sty
Package: textpos 2022/07/23 v1.10.1
Package textpos Info: choosing support for LaTeX3 on input line 60.
\TP@textbox=\box77
\TPHorizModule=\dimen295
\TPVertModule=\dimen296
\TP@margin=\dimen297
\TP@absmargin=\dimen298

Grid set 16 x 16 = 22.7622pt x 17.07166pt
\TPboxrulesize=\dimen299
\TP@tbargs=\toks46
) (/opt/texlive/2024/texmf-dist/tex/latex/base/inputenc.sty
Package: inputenc 2024/02/08 v1.3d Input encoding file
\inpenc@prehook=\toks47
\inpenc@posthook=\toks48
) (/opt/texlive/2024/texmf-dist/tex/latex/base/fontenc.sty
Package: fontenc 2021/04/29 v2.0v Standard LaTeX package
) (/opt/texlive/2024/texmf-dist/tex/latex/psnfss/helvet.sty
Package: helvet 2020/03/25 PSNFSS-v9.3 (WaS) 
) (/opt/texlive/2024/texmf-dist/tex/latex/pgf/frontendlayer/tikz.sty (/opt/texlive/2024/texmf-dist/tex/latex/pgf/basiclayer/pgf.sty
Package: pgf 2023-01-15 v3.1.10 (3.1.10)
 (/opt/texlive/2024/texmf-dist/tex/generic/pgf/modules/pgfmoduleshapes.code.tex
File: pgfmoduleshapes.code.tex 2023-01-15 v3.1.10 (3.1.10)
\pgfnodeparttextbox=\box78
) (/opt/texlive/2024/texmf-dist/tex/generic/pgf/modules/pgfmoduleplot.code.tex
File: pgfmoduleplot.code.tex 2023-01-15 v3.1.10 (3.1.10)
) (/opt/texlive/2024/texmf-dist/tex/latex/pgf/compatibility/pgfcomp-version-0-65.sty
Package: pgfcomp-version-0-65 2023-01-15 v3.1.10 (3.1.10)
\pgf@nodesepstart=\dimen300
\pgf@nodesepend=\dimen301
) (/opt/texlive/2024/texmf-dist/tex/latex/pgf/compatibility/pgfcomp-version-1-18.sty
Package: pgfcomp-version-1-18 2023-01-15 v3.1.10 (3.1.10)
)) (/opt/texlive/2024/texmf-dist/tex/latex/pgf/utilities/pgffor.sty (/opt/texlive/2024/texmf-dist/tex/generic/pgf/utilities/pgffor.code.tex
Package: pgffor 2023-01-15 v3.1.10 (3.1.10)
\pgffor@iter=\dimen302
\pgffor@skip=\dimen303
\pgffor@stack=\toks49
\pgffor@toks=\toks50
)) (/opt/texlive/2024/texmf-dist/tex/generic/pgf/frontendlayer/tikz/tikz.code.tex
Package: tikz 2023-01-15 v3.1.10 (3.1.10)
 (/opt/texlive/2024/texmf-dist/tex/generic/pgf/libraries/pgflibraryplothandlers.code.tex
File: pgflibraryplothandlers.code.tex 2023-01-15 v3.1.10 (3.1.10)
\pgf@plot@mark@count=\count345
\pgfplotmarksize=\dimen304
)
\tikz@lastx=\dimen305
\tikz@lasty=\dimen306
\tikz@lastxsaved=\dimen307
\tikz@lastysaved=\dimen308
\tikz@lastmovetox=\dimen309
\tikz@lastmovetoy=\dimen310
\tikzleveldistance=\dimen311
\tikzsiblingdistance=\dimen312
\tikz@figbox=\box79
\tikz@figbox@bg=\box80
\tikz@tempbox=\box81
\tikz@tempbox@bg=\box82
\tikztreelevel=\count346
\tikznumberofchildren=\count347
\tikznumberofcurrentchild=\count348
\tikz@fig@count=\count349
 (/opt/texlive/2024/texmf-dist/tex/generic/pgf/modules/pgfmodulematrix.code.tex
File: pgfmodulematrix.code.tex 2023-01-15 v3.1.10 (3.1.10)
\pgfmatrixcurrentrow=\count350
\pgfmatrixcurrentcolumn=\count351
\pgf@matrix@numberofcolumns=\count352
)
\tikz@expandcount=\count353
 (/opt/texlive/2024/texmf-dist/tex/generic/pgf/frontendlayer/tikz/libraries/tikzlibrarytopaths.code.tex
File: tikzlibrarytopaths.code.tex 2023-01-15 v3.1.10 (3.1.10)
))) (/opt/texlive/2024/texmf-dist/tex/latex/biblatex/biblatex.sty
Package: biblatex 2024/03/21 v3.20 programmable bibliographies (PK/MW)
 (/opt/texlive/2024/texmf-dist/tex/latex/logreq/logreq.sty
Package: logreq 2010/08/04 v1.0 xml request logger
\lrq@indent=\count354
 (/opt/texlive/2024/texmf-dist/tex/latex/logreq/logreq.def
File: logreq.def 2010/08/04 v1.0 logreq spec v1.0
)) (/opt/texlive/2024/texmf-dist/tex/latex/base/ifthen.sty
Package: ifthen 2024/03/16 v1.1e Standard LaTeX ifthen package (DPC)
)
\c@tabx@nest=\count355
\c@listtotal=\count356
\c@listcount=\count357
\c@liststart=\count358
\c@liststop=\count359
\c@citecount=\count360
\c@citetotal=\count361
\c@multicitecount=\count362
\c@multicitetotal=\count363
\c@instcount=\count364
\c@maxnames=\count365
\c@minnames=\count366
\c@maxitems=\count367
\c@minitems=\count368
\c@citecounter=\count369
\c@maxcitecounter=\count370
\c@savedcitecounter=\count371
\c@uniquelist=\count372
\c@uniquename=\count373
\c@refsection=\count374
\c@refsegment=\count375
\c@maxextratitle=\count376
\c@maxextratitleyear=\count377
\c@maxextraname=\count378
\c@maxextradate=\count379
\c@maxextraalpha=\count380
\c@abbrvpenalty=\count381
\c@highnamepenalty=\count382
\c@lownamepenalty=\count383
\c@maxparens=\count384
\c@parenlevel=\count385
\blx@tempcnta=\count386
\blx@tempcntb=\count387
\blx@tempcntc=\count388
\c@blx@maxsection=\count389
\blx@maxsegment@0=\count390
\blx@notetype=\count391
\blx@parenlevel@text=\count392
\blx@parenlevel@foot=\count393
\blx@sectionciteorder@0=\count394
\blx@sectionciteorderinternal@0=\count395
\blx@entrysetcounter=\count396
\blx@biblioinstance=\count397
\labelnumberwidth=\skip66
\labelalphawidth=\skip67
\biblabelsep=\skip68
\bibitemsep=\skip69
\bibnamesep=\skip70
\bibinitsep=\skip71
\bibparsep=\skip72
\bibhang=\skip73
\blx@bcfin=\read3
\blx@bcfout=\write5
\blx@langwohyphens=\language89
\c@mincomprange=\count398
\c@maxcomprange=\count399
\c@mincompwidth=\count400
Package biblatex Info: Trying to load biblatex default data model...
Package biblatex Info: ... file 'blx-dm.def' found.
 (/opt/texlive/2024/texmf-dist/tex/latex/biblatex/blx-dm.def
File: blx-dm.def 2024/03/21 v3.20 biblatex datamodel (PK/MW)
)
Package biblatex Info: Trying to load biblatex style data model...
Package biblatex Info: ... file 'numeric.dbx' not found.
Package biblatex Info: Trying to load biblatex custom data model...
Package biblatex Info: ... file 'biblatex-dm.cfg' not found.
\c@afterword=\count401
\c@savedafterword=\count402
\c@annotator=\count403
\c@savedannotator=\count404
\c@author=\count405
\c@savedauthor=\count406
\c@bookauthor=\count407
\c@savedbookauthor=\count408
\c@commentator=\count409
\c@savedcommentator=\count410
\c@editor=\count411
\c@savededitor=\count412
\c@editora=\count413
\c@savededitora=\count414
\c@editorb=\count415
\c@savededitorb=\count416
\c@editorc=\count417
\c@savededitorc=\count418
\c@foreword=\count419
\c@savedforeword=\count420
\c@holder=\count421
\c@savedholder=\count422
\c@introduction=\count423
\c@savedintroduction=\count424
\c@namea=\count425
\c@savednamea=\count426
\c@nameb=\count427
\c@savednameb=\count428
\c@namec=\count429
\c@savednamec=\count430
\c@translator=\count431
\c@savedtranslator=\count432
\c@shortauthor=\count433
\c@savedshortauthor=\count434
\c@shorteditor=\count435
\c@savedshorteditor=\count436
\c@labelname=\count437
\c@savedlabelname=\count438
\c@institution=\count439
\c@savedinstitution=\count440
\c@lista=\count441
\c@savedlista=\count442
\c@listb=\count443
\c@savedlistb=\count444
\c@listc=\count445
\c@savedlistc=\count446
\c@listd=\count447
\c@savedlistd=\count448
\c@liste=\count449
\c@savedliste=\count450
\c@listf=\count451
\c@savedlistf=\count452
\c@location=\count453
\c@savedlocation=\count454
\c@organization=\count455
\c@savedorganization=\count456
\c@origlocation=\count457
\c@savedoriglocation=\count458
\c@origpublisher=\count459
\c@savedorigpublisher=\count460
\c@publisher=\count461
\c@savedpublisher=\count462
\c@language=\count463
\c@savedlanguage=\count464
\c@origlanguage=\count465
\c@savedoriglanguage=\count466
\c@pageref=\count467
\c@savedpageref=\count468
\shorthandwidth=\skip74
\shortjournalwidth=\skip75
\shortserieswidth=\skip76
\shorttitlewidth=\skip77
\shortauthorwidth=\skip78
\shorteditorwidth=\skip79
\locallabelnumberwidth=\skip80
\locallabelalphawidth=\skip81
\localshorthandwidth=\skip82
\localshortjournalwidth=\skip83
\localshortserieswidth=\skip84
\localshorttitlewidth=\skip85
\localshortauthorwidth=\skip86
\localshorteditorwidth=\skip87
Package biblatex Info: Trying to load compatibility code...
Package biblatex Info: ... file 'blx-compat.def' found.
 (/opt/texlive/2024/texmf-dist/tex/latex/biblatex/blx-compat.def
File: blx-compat.def 2024/03/21 v3.20 biblatex compatibility (PK/MW)
)
Package biblatex Info: Trying to load generic definitions...
Package biblatex Info: ... file 'biblatex.def' found.
 (/opt/texlive/2024/texmf-dist/tex/latex/biblatex/biblatex.def
File: biblatex.def 2024/03/21 v3.20 biblatex compatibility (PK/MW)
\c@textcitecount=\count469
\c@textcitetotal=\count470
\c@textcitemaxnames=\count471
\c@biburlbigbreakpenalty=\count472
\c@biburlbreakpenalty=\count473
\c@biburlnumpenalty=\count474
\c@biburlucpenalty=\count475
\c@biburllcpenalty=\count476
\biburlbigskip=\muskip19
\biburlnumskip=\muskip20
\biburlucskip=\muskip21
\biburllcskip=\muskip22
\c@smartand=\count477
)
Package biblatex Info: Trying to load bibliography style 'numeric'...
Package biblatex Info: ... file 'numeric.bbx' found.
 (/opt/texlive/2024/texmf-dist/tex/latex/biblatex/bbx/numeric.bbx
File: numeric.bbx 2024/03/21 v3.20 biblatex bibliography style (PK/MW)
Package biblatex Info: Trying to load bibliography style 'standard'...
Package biblatex Info: ... file 'standard.bbx' found.
 (/opt/texlive/2024/texmf-dist/tex/latex/biblatex/bbx/standard.bbx
File: standard.bbx 2024/03/21 v3.20 biblatex bibliography style (PK/MW)
\c@bbx:relatedcount=\count478
\c@bbx:relatedtotal=\count479
))
Package biblatex Info: Trying to load citation style 'numeric'...
Package biblatex Info: ... file 'numeric.cbx' found.
 (/opt/texlive/2024/texmf-dist/tex/latex/biblatex/cbx/numeric.cbx
File: numeric.cbx 2024/03/21 v3.20 biblatex citation style (PK/MW)
Package biblatex Info: Redefining '\cite'.
Package biblatex Info: Redefining '\parencite'.
Package biblatex Info: Redefining '\footcite'.
Package biblatex Info: Redefining '\footcitetext'.
Package biblatex Info: Redefining '\smartcite'.
Package biblatex Info: Redefining '\supercite'.
Package biblatex Info: Redefining '\textcite'.
Package biblatex Info: Redefining '\textcites'.
Package biblatex Info: Redefining '\cites'.
Package biblatex Info: Redefining '\parencites'.
Package biblatex Info: Redefining '\smartcites'.
)
Package biblatex Info: Trying to load configuration file...
Package biblatex Info: ... file 'biblatex.cfg' found.
 (/opt/texlive/2024/texmf-dist/tex/latex/biblatex/biblatex.cfg
File: biblatex.cfg 
)
Package biblatex Info: Input encoding 'utf8' detected.
Package biblatex Info: Document encoding is UTF8 ....
 (/opt/texlive/2024/texmf-dist/tex/latex/l3kernel/expl3.sty
Package: expl3 2024-11-02 L3 programming layer (loader) 
 (/opt/texlive/2024/texmf-dist/tex/latex/l3backend/l3backend-pdftex.def
File: l3backend-pdftex.def 2024-05-08 L3 backend support: PDF output (pdfTeX)
\l__color_backend_stack_int=\count480
\l__pdf_internal_box=\box83
))
Package biblatex Info: ... and expl3
(biblatex)             2024-11-02 L3 programming layer (loader) 
(biblatex)             is new enough (at least 2020/04/06),
(biblatex)             setting 'casechanger=expl3'.

(/opt/texlive/2024/texmf-dist/tex/latex/biblatex/blx-case-expl3.sty (/opt/texlive/2024/texmf-dist/tex/latex/l3packages/xparse/xparse.sty
Package: xparse 2024-08-16 L3 Experimental document command parser
)
Package: blx-case-expl3 2024/03/21 v3.20 expl3 case changing code for biblatex
))

Package hyperref Warning: Token not allowed in a PDF string (Unicode):
(hyperref)                removing `\\' on input line 38.

\@quotelevel=\count481
\@quotereset=\count482
LaTeX Font Info:    Trying to load font information for T1+phv on input line 47.
(/opt/texlive/2024/texmf-dist/tex/latex/psnfss/t1phv.fd
File: t1phv.fd 2020/03/25 scalable font definitions for T1/phv.
) (.texfiles/Thesis_ppt_Shivam.aux)
\openout1 = `Thesis_ppt_Shivam.aux'.

LaTeX Font Info:    Checking defaults for OML/cmm/m/it on input line 47.
LaTeX Font Info:    ... okay on input line 47.
LaTeX Font Info:    Checking defaults for OMS/cmsy/m/n on input line 47.
LaTeX Font Info:    ... okay on input line 47.
LaTeX Font Info:    Checking defaults for OT1/cmr/m/n on input line 47.
LaTeX Font Info:    ... okay on input line 47.
LaTeX Font Info:    Checking defaults for T1/cmr/m/n on input line 47.
LaTeX Font Info:    ... okay on input line 47.
LaTeX Font Info:    Checking defaults for TS1/cmr/m/n on input line 47.
LaTeX Font Info:    ... okay on input line 47.
LaTeX Font Info:    Checking defaults for OMX/cmex/m/n on input line 47.
LaTeX Font Info:    ... okay on input line 47.
LaTeX Font Info:    Checking defaults for U/cmr/m/n on input line 47.
LaTeX Font Info:    ... okay on input line 47.
LaTeX Font Info:    Checking defaults for PD1/pdf/m/n on input line 47.
LaTeX Font Info:    ... okay on input line 47.
LaTeX Font Info:    Checking defaults for PU/pdf/m/n on input line 47.
LaTeX Font Info:    ... okay on input line 47.

*geometry* driver: auto-detecting
*geometry* detected driver: pdftex
*geometry* verbose mode - [ preamble ] result:
* driver: pdftex
* paper: custom
* layout: <same size as paper>
* layoutoffset:(h,v)=(0.0pt,0.0pt)
* modes: includehead includefoot 
* h-part:(L,W,R)=(10.00002pt, 344.19533pt, 10.00002pt)
* v-part:(T,H,B)=(0.0pt, 273.14662pt, 0.0pt)
* \paperwidth=364.19536pt
* \paperheight=273.14662pt
* \textwidth=344.19533pt
* \textheight=244.6939pt
* \oddsidemargin=-62.26997pt
* \evensidemargin=-62.26997pt
* \topmargin=-72.26999pt
* \headheight=14.22636pt
* \headsep=0.0pt
* \topskip=10.0pt
* \footskip=14.22636pt
* \marginparwidth=3.0pt
* \marginparsep=11.0pt
* \columnsep=10.0pt
* \skip\footins=9.0pt plus 4.0pt minus 2.0pt
* \hoffset=0.0pt
* \voffset=0.0pt
* \mag=1000
* \@twocolumnfalse
* \@twosidefalse
* \@mparswitchfalse
* \@reversemarginfalse
* (1in=72.27pt=25.4mm, 1cm=28.453pt)

(/opt/texlive/2024/texmf-dist/tex/context/base/mkii/supp-pdf.mkii
[Loading MPS to PDF converter (version 2006.09.02).]
\scratchcounter=\count483
\scratchdimen=\dimen313
\scratchbox=\box84
\nofMPsegments=\count484
\nofMParguments=\count485
\everyMPshowfont=\toks51
\MPscratchCnt=\count486
\MPscratchDim=\dimen314
\MPnumerator=\count487
\makeMPintoPDFobject=\count488
\everyMPtoPDFconversion=\toks52
) (/opt/texlive/2024/texmf-dist/tex/latex/epstopdf-pkg/epstopdf-base.sty
Package: epstopdf-base 2020-01-24 v2.11 Base part for package epstopdf
Package epstopdf-base Info: Redefining graphics rule for `.eps' on input line 485.
 (/opt/texlive/2024/texmf-dist/tex/latex/latexconfig/epstopdf-sys.cfg
File: epstopdf-sys.cfg 2010/07/13 v1.3 Configuration of (r)epstopdf for TeX Live
))
Package hyperref Info: Link coloring OFF on input line 47.
 (.texfiles/Thesis_ppt_Shivam.out) (.texfiles/Thesis_ppt_Shivam.out)
\@outlinefile=\write6
\openout6 = `Thesis_ppt_Shivam.out'.

LaTeX Font Info:    Overwriting symbol font `operators' in version `normal'
(Font)                  OT1/cmr/m/n --> OT1/cmss/m/n on input line 47.
LaTeX Font Info:    Overwriting symbol font `operators' in version `bold'
(Font)                  OT1/cmr/bx/n --> OT1/cmss/b/n on input line 47.
\symnumbers=\mathgroup6
\sympureletters=\mathgroup7
LaTeX Font Info:    Overwriting math alphabet `\mathrm' in version `normal'
(Font)                  OT1/cmss/m/n --> T1/cmr/m/n on input line 47.
LaTeX Font Info:    Redeclaring math alphabet \mathbf on input line 47.
LaTeX Font Info:    Overwriting math alphabet `\mathbf' in version `normal'
(Font)                  OT1/cmr/bx/n --> T1/phv/b/n on input line 47.
LaTeX Font Info:    Overwriting math alphabet `\mathbf' in version `bold'
(Font)                  OT1/cmr/bx/n --> T1/phv/b/n on input line 47.
LaTeX Font Info:    Redeclaring math alphabet \mathsf on input line 47.
LaTeX Font Info:    Overwriting math alphabet `\mathsf' in version `normal'
(Font)                  OT1/cmss/m/n --> T1/phv/m/n on input line 47.
LaTeX Font Info:    Overwriting math alphabet `\mathsf' in version `bold'
(Font)                  OT1/cmss/bx/n --> T1/phv/m/n on input line 47.
LaTeX Font Info:    Redeclaring math alphabet \mathit on input line 47.
LaTeX Font Info:    Overwriting math alphabet `\mathit' in version `normal'
(Font)                  OT1/cmr/m/it --> T1/phv/m/it on input line 47.
LaTeX Font Info:    Overwriting math alphabet `\mathit' in version `bold'
(Font)                  OT1/cmr/bx/it --> T1/phv/m/it on input line 47.
LaTeX Font Info:    Redeclaring math alphabet \mathtt on input line 47.
LaTeX Font Info:    Overwriting math alphabet `\mathtt' in version `normal'
(Font)                  OT1/cmtt/m/n --> T1/cmtt/m/n on input line 47.
LaTeX Font Info:    Overwriting math alphabet `\mathtt' in version `bold'
(Font)                  OT1/cmtt/m/n --> T1/cmtt/m/n on input line 47.
LaTeX Font Info:    Overwriting symbol font `numbers' in version `bold'
(Font)                  T1/phv/m/n --> T1/phv/b/n on input line 47.
LaTeX Font Info:    Overwriting symbol font `pureletters' in version `bold'
(Font)                  T1/phv/m/it --> T1/phv/b/it on input line 47.
LaTeX Font Info:    Overwriting math alphabet `\mathrm' in version `bold'
(Font)                  OT1/cmss/b/n --> T1/cmr/b/n on input line 47.
LaTeX Font Info:    Overwriting math alphabet `\mathbf' in version `bold'
(Font)                  T1/phv/b/n --> T1/phv/b/n on input line 47.
LaTeX Font Info:    Overwriting math alphabet `\mathsf' in version `bold'
(Font)                  T1/phv/m/n --> T1/phv/b/n on input line 47.
LaTeX Font Info:    Overwriting math alphabet `\mathit' in version `bold'
(Font)                  T1/phv/m/it --> T1/phv/b/it on input line 47.
LaTeX Font Info:    Overwriting math alphabet `\mathtt' in version `bold'
(Font)                  T1/cmtt/m/n --> T1/cmtt/b/n on input line 47.
 (/opt/texlive/2024/texmf-dist/tex/latex/translator/translator-basic-dictionary-English.dict
Dictionary: translator-basic-dictionary, Language: English 
) (/opt/texlive/2024/texmf-dist/tex/latex/translator/translator-bibliography-dictionary-English.dict
Dictionary: translator-bibliography-dictionary, Language: English 
) (/opt/texlive/2024/texmf-dist/tex/latex/translator/translator-environment-dictionary-English.dict
Dictionary: translator-environment-dictionary, Language: English 
) (/opt/texlive/2024/texmf-dist/tex/latex/translator/translator-months-dictionary-English.dict
Dictionary: translator-months-dictionary, Language: English 
) (/opt/texlive/2024/texmf-dist/tex/latex/translator/translator-numbers-dictionary-English.dict
Dictionary: translator-numbers-dictionary, Language: English 
) (/opt/texlive/2024/texmf-dist/tex/latex/translator/translator-theorem-dictionary-English.dict
Dictionary: translator-theorem-dictionary, Language: English 
)
Package biblatex Info: Trying to load language 'english'...
Package biblatex Info: ... file 'english.lbx' found.
 (/opt/texlive/2024/texmf-dist/tex/latex/biblatex/lbx/english.lbx
File: english.lbx 2024/03/21 v3.20 biblatex localization (PK/MW)
)
Package biblatex Info: Input encoding 'utf8' detected.
Package biblatex Info: Automatic encoding selection.
(biblatex)             Assuming data encoding 'utf8'.
\openout5 = `Thesis_ppt_Shivam.bcf'.

Package biblatex Info: Trying to load bibliographic data...
Package biblatex Info: ... file 'Thesis_ppt_Shivam.bbl' found.
 (.texfiles/Thesis_ppt_Shivam.bbl)
Package biblatex Info: Reference section=0 on input line 47.
Package biblatex Info: Reference segment=0 on input line 47.
 (.texfiles/Thesis_ppt_Shivam.nav)
LaTeX Font Info:    Trying to load font information for U+msa on input line 55.
 (/opt/texlive/2024/texmf-dist/tex/latex/amsfonts/umsa.fd
File: umsa.fd 2013/01/14 v3.01 AMS symbols A
)
LaTeX Font Info:    Trying to load font information for U+msb on input line 55.
 (/opt/texlive/2024/texmf-dist/tex/latex/amsfonts/umsb.fd
File: umsb.fd 2013/01/14 v3.01 AMS symbols B
)
LaTeX Font Info:    Font shape `T1/phv/m/it' in size <7> not available
(Font)              Font shape `T1/phv/m/sl' tried instead on input line 55.
LaTeX Font Info:    Font shape `T1/phv/m/it' in size <5> not available
(Font)              Font shape `T1/phv/m/sl' tried instead on input line 55.
<logo_white.png, id=70, 617.78806pt x 598.3956pt>
File: logo_white.png Graphic file (type png)
<use logo_white.png>
Package pdftex.def Info: logo_white.png  used on input line 55.
(pdftex.def)             Requested size: 28.77963pt x 27.88358pt.


<titleslide_bg.png, id=72, 722.7pt x 542.025pt>
File: titleslide_bg.png Graphic file (type png)
<use titleslide_bg.png>
Package pdftex.def Info: titleslide_bg.png  used on input line 55.
(pdftex.def)             Requested size: 364.1942pt x 273.15392pt.
[1

{/opt/texlive/2024/texmf-var/fonts/map/pdftex/updmap/pdftex.map}{/opt/texlive/2024/texmf-dist/fonts/enc/dvips/base/8r.enc}{/opt/texlive/2024/texmf-dist/fonts/enc/dvips/cm-super/cm-super-t1.enc} <./titleslide_bg.png> <./logo_white.png>] (./sections/front-matter.tex (.texfiles/Thesis_ppt_Shivam.toc)
<logo_color.jpg, id=103, 616.82445pt x 605.26125pt>
File: logo_color.jpg Graphic file (type jpg)
<use logo_color.jpg>
Package pdftex.def Info: logo_color.jpg  used on input line 4.
(pdftex.def)             Requested size: 34.78664pt x 34.14322pt.


<slide_bg.png, id=104, 771.63281pt x 578.16pt>
File: slide_bg.png Graphic file (type png)
<use slide_bg.png>
Package pdftex.def Info: slide_bg.png  used on input line 4.
(pdftex.def)             Requested size: 364.1981pt x 273.14676pt.
[2

 <./slide_bg.png> <./logo_color.jpg>]) (./sections/ModMax.tex
LaTeX Font Info:    Font shape `T1/phv/m/it' in size <10> not available
(Font)              Font shape `T1/phv/m/sl' tried instead on input line 22.
File: logo_color.jpg Graphic file (type jpg)
<use logo_color.jpg>
Package pdftex.def Info: logo_color.jpg  used on input line 22.
(pdftex.def)             Requested size: 34.78664pt x 34.14322pt.


File: slide_bg.png Graphic file (type png)
<use slide_bg.png>
Package pdftex.def Info: slide_bg.png  used on input line 22.
(pdftex.def)             Requested size: 364.1981pt x 273.14676pt.
[3

]
File: logo_color.jpg Graphic file (type jpg)
<use logo_color.jpg>
Package pdftex.def Info: logo_color.jpg  used on input line 57.
(pdftex.def)             Requested size: 34.78664pt x 34.14322pt.


File: slide_bg.png Graphic file (type png)
<use slide_bg.png>
Package pdftex.def Info: slide_bg.png  used on input line 57.
(pdftex.def)             Requested size: 364.1981pt x 273.14676pt.
[4

]
File: logo_color.jpg Graphic file (type jpg)
<use logo_color.jpg>
Package pdftex.def Info: logo_color.jpg  used on input line 70.
(pdftex.def)             Requested size: 34.78664pt x 34.14322pt.


File: slide_bg.png Graphic file (type png)
<use slide_bg.png>
Package pdftex.def Info: slide_bg.png  used on input line 70.
(pdftex.def)             Requested size: 364.1981pt x 273.14676pt.
[5

]) (./sections/central-charge.tex
File: logo_color.jpg Graphic file (type jpg)
<use logo_color.jpg>
Package pdftex.def Info: logo_color.jpg  used on input line 30.
(pdftex.def)             Requested size: 34.78664pt x 34.14322pt.


File: slide_bg.png Graphic file (type png)
<use slide_bg.png>
Package pdftex.def Info: slide_bg.png  used on input line 30.
(pdftex.def)             Requested size: 364.1981pt x 273.14676pt.
[6

]
File: logo_color.jpg Graphic file (type jpg)
<use logo_color.jpg>
Package pdftex.def Info: logo_color.jpg  used on input line 30.
(pdftex.def)             Requested size: 34.78664pt x 34.14322pt.


File: slide_bg.png Graphic file (type png)
<use slide_bg.png>
Package pdftex.def Info: slide_bg.png  used on input line 30.
(pdftex.def)             Requested size: 364.1981pt x 273.14676pt.
[7


]
File: logo_color.jpg Graphic file (type jpg)
<use logo_color.jpg>
Package pdftex.def Info: logo_color.jpg  used on input line 59.
(pdftex.def)             Requested size: 34.78664pt x 34.14322pt.


File: slide_bg.png Graphic file (type png)
<use slide_bg.png>
Package pdftex.def Info: slide_bg.png  used on input line 59.
(pdftex.def)             Requested size: 364.1981pt x 273.14676pt.
[8

]
File: logo_color.jpg Graphic file (type jpg)
<use logo_color.jpg>
Package pdftex.def Info: logo_color.jpg  used on input line 59.
(pdftex.def)             Requested size: 34.78664pt x 34.14322pt.


File: slide_bg.png Graphic file (type png)
<use slide_bg.png>
Package pdftex.def Info: slide_bg.png  used on input line 59.
(pdftex.def)             Requested size: 364.1981pt x 273.14676pt.
[9


]
LaTeX Info: Symbol \textrightarrow not provided by
            font family phv in TS1 encoding.
            Default family used instead on input line 85.
LaTeX Font Info:    Trying to load font information for TS1+cmss on input line 85.
 (/opt/texlive/2024/texmf-dist/tex/latex/base/ts1cmss.fd
File: ts1cmss.fd 2023/04/13 v2.5m Standard LaTeX font definitions
)
LaTeX Font Info:    Font shape `T1/phv/m/it' in size <14.4> not available
(Font)              Font shape `T1/phv/m/sl' tried instead on input line 85.
File: logo_color.jpg Graphic file (type jpg)
<use logo_color.jpg>
Package pdftex.def Info: logo_color.jpg  used on input line 85.
(pdftex.def)             Requested size: 34.78664pt x 34.14322pt.


File: slide_bg.png Graphic file (type png)
<use slide_bg.png>
Package pdftex.def Info: slide_bg.png  used on input line 85.
(pdftex.def)             Requested size: 364.1981pt x 273.14676pt.
[10

{/opt/texlive/2024/texmf-dist/fonts/enc/dvips/cm-super/cm-super-ts1.enc}]
File: logo_color.jpg Graphic file (type jpg)
<use logo_color.jpg>
Package pdftex.def Info: logo_color.jpg  used on input line 85.
(pdftex.def)             Requested size: 34.78664pt x 34.14322pt.


File: slide_bg.png Graphic file (type png)
<use slide_bg.png>
Package pdftex.def Info: slide_bg.png  used on input line 85.
(pdftex.def)             Requested size: 364.1981pt x 273.14676pt.
[11


]
File: logo_color.jpg Graphic file (type jpg)
<use logo_color.jpg>
Package pdftex.def Info: logo_color.jpg  used on input line 127.
(pdftex.def)             Requested size: 34.78664pt x 34.14322pt.


File: slide_bg.png Graphic file (type png)
<use slide_bg.png>
Package pdftex.def Info: slide_bg.png  used on input line 127.
(pdftex.def)             Requested size: 364.1981pt x 273.14676pt.
[12

]
File: logo_color.jpg Graphic file (type jpg)
<use logo_color.jpg>
Package pdftex.def Info: logo_color.jpg  used on input line 127.
(pdftex.def)             Requested size: 34.78664pt x 34.14322pt.


File: slide_bg.png Graphic file (type png)
<use slide_bg.png>
Package pdftex.def Info: slide_bg.png  used on input line 127.
(pdftex.def)             Requested size: 364.1981pt x 273.14676pt.
[13


]
File: logo_color.jpg Graphic file (type jpg)
<use logo_color.jpg>
Package pdftex.def Info: logo_color.jpg  used on input line 127.
(pdftex.def)             Requested size: 34.78664pt x 34.14322pt.


File: slide_bg.png Graphic file (type png)
<use slide_bg.png>
Package pdftex.def Info: slide_bg.png  used on input line 127.
(pdftex.def)             Requested size: 364.1981pt x 273.14676pt.
[14


]) (./sections/my-work.tex
Overfull \hbox (4.22772pt too wide) detected at line 99
[]
 []


Overfull \hbox (24.28574pt too wide) detected at line 99
[]\T1/phv/m/n/10 2\OMS/cmsy/m/n/10 L[] ^^@ [] [] ^^@ [] [] \OML/cmm/m/it/10 ^^P \OT1/cmss/m/n/10 = \T1/phv/m/n/10 0
 []

File: logo_color.jpg Graphic file (type jpg)
<use logo_color.jpg>
Package pdftex.def Info: logo_color.jpg  used on input line 99.
(pdftex.def)             Requested size: 34.78664pt x 34.14322pt.


File: slide_bg.png Graphic file (type png)
<use slide_bg.png>
Package pdftex.def Info: slide_bg.png  used on input line 99.
(pdftex.def)             Requested size: 364.1981pt x 273.14676pt.
[15

]
File: logo_color.jpg Graphic file (type jpg)
<use logo_color.jpg>
Package pdftex.def Info: logo_color.jpg  used on input line 99.
(pdftex.def)             Requested size: 34.78664pt x 34.14322pt.


File: slide_bg.png Graphic file (type png)
<use slide_bg.png>
Package pdftex.def Info: slide_bg.png  used on input line 99.
(pdftex.def)             Requested size: 364.1981pt x 273.14676pt.
[16


]
File: logo_color.jpg Graphic file (type jpg)
<use logo_color.jpg>
Package pdftex.def Info: logo_color.jpg  used on input line 99.
(pdftex.def)             Requested size: 34.78664pt x 34.14322pt.


File: slide_bg.png Graphic file (type png)
<use slide_bg.png>
Package pdftex.def Info: slide_bg.png  used on input line 99.
(pdftex.def)             Requested size: 364.1981pt x 273.14676pt.
[17


]
File: logo_color.jpg Graphic file (type jpg)
<use logo_color.jpg>
Package pdftex.def Info: logo_color.jpg  used on input line 99.
(pdftex.def)             Requested size: 34.78664pt x 34.14322pt.


File: slide_bg.png Graphic file (type png)
<use slide_bg.png>
Package pdftex.def Info: slide_bg.png  used on input line 99.
(pdftex.def)             Requested size: 364.1981pt x 273.14676pt.
[18


]
File: logo_color.jpg Graphic file (type jpg)
<use logo_color.jpg>
Package pdftex.def Info: logo_color.jpg  used on input line 99.
(pdftex.def)             Requested size: 34.78664pt x 34.14322pt.


File: slide_bg.png Graphic file (type png)
<use slide_bg.png>
Package pdftex.def Info: slide_bg.png  used on input line 99.
(pdftex.def)             Requested size: 364.1981pt x 273.14676pt.
[19


]
File: logo_color.jpg Graphic file (type jpg)
<use logo_color.jpg>
Package pdftex.def Info: logo_color.jpg  used on input line 99.
(pdftex.def)             Requested size: 34.78664pt x 34.14322pt.


File: slide_bg.png Graphic file (type png)
<use slide_bg.png>
Package pdftex.def Info: slide_bg.png  used on input line 99.
(pdftex.def)             Requested size: 364.1981pt x 273.14676pt.
[20


]
File: logo_color.jpg Graphic file (type jpg)
<use logo_color.jpg>
Package pdftex.def Info: logo_color.jpg  used on input line 99.
(pdftex.def)             Requested size: 34.78664pt x 34.14322pt.


File: slide_bg.png Graphic file (type png)
<use slide_bg.png>
Package pdftex.def Info: slide_bg.png  used on input line 99.
(pdftex.def)             Requested size: 364.1981pt x 273.14676pt.
[21


]
File: logo_color.jpg Graphic file (type jpg)
<use logo_color.jpg>
Package pdftex.def Info: logo_color.jpg  used on input line 99.
(pdftex.def)             Requested size: 34.78664pt x 34.14322pt.


File: slide_bg.png Graphic file (type png)
<use slide_bg.png>
Package pdftex.def Info: slide_bg.png  used on input line 99.
(pdftex.def)             Requested size: 364.1981pt x 273.14676pt.
[22


]
File: logo_color.jpg Graphic file (type jpg)
<use logo_color.jpg>
Package pdftex.def Info: logo_color.jpg  used on input line 99.
(pdftex.def)             Requested size: 34.78664pt x 34.14322pt.


File: slide_bg.png Graphic file (type png)
<use slide_bg.png>
Package pdftex.def Info: slide_bg.png  used on input line 99.
(pdftex.def)             Requested size: 364.1981pt x 273.14676pt.
[23


]

LaTeX Warning: Reference `subsec:modmax-4d-to-3d' on page 24 undefined on input line 129.

File: logo_color.jpg Graphic file (type jpg)
<use logo_color.jpg>
Package pdftex.def Info: logo_color.jpg  used on input line 129.
(pdftex.def)             Requested size: 34.78664pt x 34.14322pt.


File: slide_bg.png Graphic file (type png)
<use slide_bg.png>
Package pdftex.def Info: slide_bg.png  used on input line 129.
(pdftex.def)             Requested size: 364.1981pt x 273.14676pt.
[24

]
File: logo_color.jpg Graphic file (type jpg)
<use logo_color.jpg>
Package pdftex.def Info: logo_color.jpg  used on input line 129.
(pdftex.def)             Requested size: 34.78664pt x 34.14322pt.


File: slide_bg.png Graphic file (type png)
<use slide_bg.png>
Package pdftex.def Info: slide_bg.png  used on input line 129.
(pdftex.def)             Requested size: 364.1981pt x 273.14676pt.
[25


]
File: logo_color.jpg Graphic file (type jpg)
<use logo_color.jpg>
Package pdftex.def Info: logo_color.jpg  used on input line 153.
(pdftex.def)             Requested size: 34.78664pt x 34.14322pt.


File: slide_bg.png Graphic file (type png)
<use slide_bg.png>
Package pdftex.def Info: slide_bg.png  used on input line 153.
(pdftex.def)             Requested size: 364.1981pt x 273.14676pt.
[26

]) (./sections/references.tex
File: logo_color.jpg Graphic file (type jpg)
<use logo_color.jpg>
Package pdftex.def Info: logo_color.jpg  used on input line 5.
(pdftex.def)             Requested size: 34.78664pt x 34.14322pt.


<white_bg.png, id=307, 146.79843pt x 179.92218pt>
File: white_bg.png Graphic file (type png)
<use white_bg.png>
Package pdftex.def Info: white_bg.png  used on input line 5.
(pdftex.def)             Requested size: 364.23552pt x 273.16882pt.
[27

 <./white_bg.png>]
File: logo_color.jpg Graphic file (type jpg)
<use logo_color.jpg>
Package pdftex.def Info: logo_color.jpg  used on input line 5.
(pdftex.def)             Requested size: 34.78664pt x 34.14322pt.


File: white_bg.png Graphic file (type png)
<use white_bg.png>
Package pdftex.def Info: white_bg.png  used on input line 5.
(pdftex.def)             Requested size: 364.23552pt x 273.16882pt.
[28


])
\tf@nav=\write7
\openout7 = `Thesis_ppt_Shivam.nav'.

\tf@toc=\write8
\openout8 = `Thesis_ppt_Shivam.toc'.

\tf@snm=\write9
\openout9 = `Thesis_ppt_Shivam.snm'.

 (.texfiles/Thesis_ppt_Shivam.aux)
 ***********
LaTeX2e <2024-11-01>
L3 programming layer <2024-11-02>
 ***********


LaTeX Warning: There were undefined references.

Package rerunfilecheck Info: File `Thesis_ppt_Shivam.out' has not changed.
(rerunfilecheck)             Checksum: CB3F617E3164CAE01ABD6DE6D60B26F9;2632.

Package biblatex Warning: Please (re)run Biber on the file:
(biblatex)                Thesis_ppt_Shivam
(biblatex)                and rerun LaTeX afterwards.

Package logreq Info: Writing requests to 'Thesis_ppt_Shivam.run.xml'.
\openout1 = `Thesis_ppt_Shivam.run.xml'.

 )
(\end occurred inside a group at level 1)

### simple group (level 1) entered at line 1 ({)
### bottom level 
Here is how much of TeX's memory you used:
 32915 strings out of 473362
 654457 string characters out of 5692597
 1447832 words of memory out of 5000000
 55325 multiletter control sequences out of 15000+600000
 609124 words of font info for 88 fonts, out of 8000000 for 9000
 1141 hyphenation exceptions out of 8191
 128i,13n,123p,706b,1578s stack positions out of 10000i,1000n,20000p,200000b,200000s

pdfTeX warning (dest): name{subsec:modmax-4d-to-3d} has been referenced but does not exist, replaced by a fixed one

</opt/texlive/2024/texmf-dist/fonts/type1/public/amsfonts/cm/cmex10.pfb></opt/texlive/2024/texmf-dist/fonts/type1/public/amsfonts/cm/cmmi10.pfb></opt/texlive/2024/texmf-dist/fonts/type1/public/amsfonts/cm/cmmi7.pfb></opt/texlive/2024/texmf-dist/fonts/type1/public/amsfonts/cm/cmss10.pfb></opt/texlive/2024/texmf-dist/fonts/type1/public/amsfonts/cm/cmss8.pfb></opt/texlive/2024/texmf-dist/fonts/type1/public/amsfonts/cm/cmsy10.pfb></opt/texlive/2024/texmf-dist/fonts/type1/public/amsfonts/cm/cmsy7.pfb></opt/texlive/2024/texmf-dist/fonts/type1/public/amsfonts/symbols/msam10.pfb></opt/texlive/2024/texmf-dist/fonts/type1/public/amsfonts/symbols/msbm10.pfb></opt/texlive/2024/texmf-dist/fonts/type1/public/cm-super/sfss1000.pfb></opt/texlive/2024/texmf-dist/fonts/type1/public/cm-super/sftt0800.pfb></opt/texlive/2024/texmf-dist/fonts/type1/public/cm-super/sftt1000.pfb></opt/texlive/2024/texmf-dist/fonts/type1/urw/helvetic/uhvb8a.pfb></opt/texlive/2024/texmf-dist/fonts/type1/urw/helvetic/uhvr8a.pfb></opt/texlive/2024/texmf-dist/fonts/type1/urw/helvetic/uhvro8a.pfb></opt/texlive/2024/texmf-dist/fonts/type1/urw/zapfding/uzdr.pfb>
Output written on .texfiles/Thesis_ppt_Shivam.pdf (28 pages, 4375947 bytes).
PDF statistics:
 412 PDF objects out of 1000 (max. 8388607)
 331 compressed objects within 4 object streams
 86 named destinations out of 1000 (max. 500000)
 192 words of extra memory for PDF output out of 10000 (max. 10000000)

