\BOOKMARK [0][-]{dummy.2}{\376\377\000S\000t\000u\000d\000e\000n\000t\000\040\000D\000e\000c\000l\000a\000r\000a\000t\000i\000o\000n}{}% 1
\BOOKMARK [0][-]{dummy.3}{\376\377\000B\000o\000n\000a\000f\000i\000d\000e\000\040\000C\000e\000r\000t\000i\000f\000i\000c\000a\000t\000e}{}% 2
\BOOKMARK [0][-]{dummy.4}{\376\377\000A\000b\000s\000t\000r\000a\000c\000t}{}% 3
\BOOKMARK [0][-]{dummy.5}{\376\377\000A\000c\000k\000n\000o\000w\000l\000e\000d\000g\000e\000m\000e\000n\000t\000s}{}% 4
\BOOKMARK [0][-]{chapter.7}{\376\377\0001\000\040\000I\000n\000t\000r\000o\000d\000u\000c\000t\000i\000o\000n}{}% 5
\BOOKMARK [1][-]{section.8}{\376\377\0001\000.\0001\000\040\000B\000a\000c\000k\000g\000r\000o\000u\000n\000d}{chapter.7}% 6
\BOOKMARK [2][-]{subsection.9}{\376\377\0001\000.\0001\000.\0001\000\040\000H\000o\000l\000o\000g\000r\000a\000p\000h\000i\000c\000\040\000P\000r\000i\000n\000c\000i\000p\000l\000e}{section.8}% 7
\BOOKMARK [2][-]{subsection.10}{\376\377\0001\000.\0001\000.\0002\000\040\000A\000d\000S\000n\000-\000C\000F\000T\000n\000-\0001\000\040\000D\000u\000a\000l\000i\000t\000y}{section.8}% 8
\BOOKMARK [3][-]{subsubsection.11}{\376\377\0001\000.\0001\000.\0002\000.\0001\000\040\000A\000d\000S\000n\000\040\000s\000p\000a\000c\000e\000t\000i\000m\000e}{subsection.10}% 9
\BOOKMARK [3][-]{subsubsection.12}{\376\377\0001\000.\0001\000.\0002\000.\0002\000\040\000C\000F\000T\000n\000-\0001}{subsection.10}% 10
\BOOKMARK [3][-]{subsubsection.20}{\376\377\0001\000.\0001\000.\0002\000.\0003\000\040\000A\000d\000S\000/\000C\000F\000T\000\040\000c\000o\000r\000r\000e\000s\000p\000o\000n\000d\000e\000n\000c\000e}{subsection.10}% 11
\BOOKMARK [2][-]{subsection.21}{\376\377\0001\000.\0001\000.\0003\000\040\000A\000d\000S\0002\000-\000C\000F\000T\0001\000\040\000c\000o\000r\000r\000e\000s\000p\000o\000n\000d\000e\000n\000c\000e}{section.8}% 12
\BOOKMARK [3][-]{subsubsection.22}{\376\377\0001\000.\0001\000.\0003\000.\0001\000\040\0002\000D\000\040\000g\000r\000a\000v\000i\000t\000y\000\040\000m\000o\000d\000e\000l\000s\000\040\000-\000\040\000J\000T\000\040\000g\000r\000a\000v\000i\000t\000y}{subsection.21}% 13
\BOOKMARK [3][-]{subsubsection.23}{\376\377\0001\000.\0001\000.\0003\000.\0002\000\040\0001\000D\000\040\000C\000F\000T\000\040\000m\000o\000d\000e\000l\000\040\000-\000\040\000S\000Y\000K\000\040\000m\000o\000d\000e\000l}{subsection.21}% 14
\BOOKMARK [2][-]{subsection.24}{\376\377\0001\000.\0001\000.\0004\000\040\000V\000i\000r\000o\000s\000o\000r\000o\000\040\000A\000l\000g\000e\000b\000r\000a\000\040\000a\000n\000d\000\040\000t\000h\000e\000\040\000C\000e\000n\000t\000r\000a\000l\000\040\000C\000h\000a\000r\000g\000e}{section.8}% 15
\BOOKMARK [0][-]{chapter.26}{\376\377\0002\000\040\000L\000i\000t\000e\000r\000a\000t\000u\000r\000e\000\040\000R\000e\000v\000i\000e\000w}{}% 16
\BOOKMARK [1][-]{section.28}{\376\377\0002\000.\0001\000\040\000B\000r\000o\000w\000n\000-\000H\000e\000a\000n\000n\000e\000u\000x\000\040\000C\000e\000n\000t\000r\000a\000l\000\040\000c\000h\000a\000r\000g\000e\000\040\000B\000r\000o\000w\000n\000:\0001\0009\0008\0006\000n\000w}{chapter.26}% 17
\BOOKMARK [1][-]{section.31}{\376\377\0002\000.\0002\000\040\000\050\0001\000+\0001\000\051\000D\000\040\000g\000r\000a\000v\000i\000t\000y\000\040\000c\000o\000u\000p\000l\000e\000d\000\040\000t\000o\000\040\000c\000o\000n\000s\000t\000a\000n\000t\000\040\000E\000M\000\040\000f\000i\000e\000l\000d\000\040\000C\000a\000s\000t\000r\000o\000:\0002\0000\0000\0008\000n\000e}{chapter.26}% 18
\BOOKMARK [2][-]{subsection.32}{\376\377\0002\000.\0002\000.\0001\000\040\000T\000h\000e\000\040\000b\000u\000l\000k\000\040\000a\000c\000t\000i\000o\000n\000\040\000a\000n\000d\000\040\000t\000h\000e\000\040\000e\000q\000u\000a\000t\000i\000o\000n\000s\000\040\000o\000f\000\040\000m\000o\000t\000i\000o\000n}{section.31}% 19
\BOOKMARK [2][-]{subsection.36}{\376\377\0002\000.\0002\000.\0002\000\040\000C\000a\000l\000c\000u\000l\000a\000t\000i\000o\000n\000\040\000o\000f\000\040\000t\000h\000e\000\040\000c\000e\000n\000t\000r\000a\000l\000\040\000c\000h\000a\000r\000g\000e}{section.31}% 20
\BOOKMARK [1][-]{section.42}{\376\377\0002\000.\0003\000\040\000\050\0001\000+\0001\000\051\000D\000\040\000g\000r\000a\000v\000i\000t\000y\000\040\000c\000o\000u\000p\000l\000e\000d\000\040\000t\000o\000\040\000t\000h\000e\000\040\000M\000o\000d\000M\000a\000x\000\040\000E\000M\000\040\000f\000i\000e\000l\000d\000\040\000r\000a\000t\000h\000i\0002\0000\0002\0003\000a\000d\000s\0002\000\040\000b\000o\000r\000n\0001\0009\0003\0004\000f\000o\000u\000n\000d\000a\000t\000i\000o\000n\000s}{chapter.26}% 21
\BOOKMARK [2][-]{subsection.44}{\376\377\0002\000.\0003\000.\0001\000\040\000T\000h\000e\000\040\000b\000u\000l\000k\000\040\000a\000c\000t\000i\000o\000n\000\040\000a\000n\000d\000\040\000t\000h\000e\000\040\000e\000q\000u\000a\000t\000i\000o\000n\000s\000\040\000o\000f\000\040\000m\000o\000t\000i\000o\000n}{section.42}% 22
\BOOKMARK [2][-]{subsection.51}{\376\377\0002\000.\0003\000.\0002\000\040\000C\000a\000l\000c\000u\000l\000a\000t\000i\000o\000n\000\040\000o\000f\000\040\000t\000h\000e\000\040\000c\000e\000n\000t\000r\000a\000l\000\040\000c\000h\000a\000r\000g\000e}{section.42}% 23
\BOOKMARK [0][-]{chapter.53}{\376\377\0003\000\040\000M\000o\000d\000M\000a\000x\000\040\000l\000a\000g\000r\000a\000n\000g\000i\000a\000n\000\040\000a\000n\000d\000\040\000c\000o\000m\000p\000a\000r\000i\000s\000i\000o\000n\000\040\000b\000e\000t\000w\000e\000e\000n\000\040\000c\000e\000n\000t\000r\000a\000l\000\040\000c\000h\000a\000r\000g\000e\000\040\000i\000n\000\040\0002\000D\000\040\000a\000n\000d\000\040\0003\000D}{}% 24
\BOOKMARK [1][-]{section.54}{\376\377\0003\000.\0001\000\040\0004\000D\000\040\000t\000o\000\040\0003\000D\000\040\000r\000e\000d\000u\000c\000t\000i\000o\000n\000\040\000a\000n\000d\000\040\000c\000e\000n\000t\000r\000a\000l\000\040\000c\000h\000a\000r\000g\000e}{chapter.53}% 25
\BOOKMARK [2][-]{subsection.55}{\376\377\0003\000.\0001\000.\0001\000\040\000R\000e\000d\000u\000c\000t\000i\000o\000n\000\040\000o\000f\000\040\000t\000h\000e\000\040\000M\000o\000d\000M\000a\000x\000\040\000L\000a\000g\000r\000a\000n\000g\000i\000a\000n\000\040\000a\000n\000d\000\040\000b\000u\000l\000k\000\040\000a\000c\000t\000i\000o\000n}{section.54}% 26
\BOOKMARK [2][-]{subsection.60}{\376\377\0003\000.\0001\000.\0002\000\040\000E\000q\000u\000a\000t\000i\000o\000n\000s\000\040\000o\000f\000\040\000m\000o\000t\000i\000o\000n}{section.54}% 27
\BOOKMARK [2][-]{subsection.69}{\376\377\0003\000.\0001\000.\0003\000\040\000P\000e\000r\000t\000u\000r\000b\000a\000t\000i\000v\000e\000\040\000s\000o\000l\000u\000t\000i\000o\000n\000s\000\040\000i\000n\000\040\000F\000G\000\040\000g\000a\000u\000g\000e}{section.54}% 28
\BOOKMARK [3][-]{subsubsection.72}{\376\377\0003\000.\0001\000.\0003\000.\0001\000\040\000Z\000e\000r\000o\000\040\000o\000r\000d\000e\000r}{subsection.69}% 29
\BOOKMARK [3][-]{subsubsection.75}{\376\377\0003\000.\0001\000.\0003\000.\0002\000\040\000F\000i\000r\000s\000t\000\040\000o\000r\000d\000e\000r}{subsection.69}% 30
\BOOKMARK [2][-]{subsection.80}{\376\377\0003\000.\0001\000.\0004\000\040\000B\000o\000u\000n\000d\000a\000r\000y\000\040\000t\000e\000r\000m\000s\000\040\000a\000n\000d\000\040\000c\000o\000u\000n\000t\000e\000r\000t\000e\000r\000m\000s}{section.54}% 31
\BOOKMARK [2][-]{subsection.81}{\376\377\0003\000.\0001\000.\0005\000\040\000C\000e\000n\000t\000r\000a\000l\000\040\000c\000h\000a\000r\000g\000e}{section.54}% 32
\BOOKMARK [1][-]{section.82}{\376\377\0003\000.\0002\000\040\0003\000D\000\040\000t\000o\000\040\0002\000D\000\040\000r\000e\000d\000u\000c\000t\000i\000o\000n\000\040\000a\000n\000d\000\040\000c\000e\000n\000t\000r\000a\000l\000\040\000c\000h\000a\000r\000g\000e}{chapter.53}% 33
\BOOKMARK [2][-]{subsection.83}{\376\377\0003\000.\0002\000.\0001\000\040\000R\000e\000d\000u\000c\000t\000i\000o\000n\000\040\000o\000f\000\040\000t\000h\000e\000\040\000M\000o\000d\000M\000a\000x\000\040\000L\000a\000g\000r\000a\000n\000g\000i\000a\000n\000\040\000a\000n\000d\000\040\000b\000u\000l\000k\000\040\000a\000c\000t\000i\000o\000n}{section.82}% 34
\BOOKMARK [2][-]{subsection.85}{\376\377\0003\000.\0002\000.\0002\000\040\000E\000q\000u\000a\000t\000i\000o\000n\000s\000\040\000o\000f\000\040\000m\000o\000t\000i\000o\000n}{section.82}% 35
\BOOKMARK [2][-]{subsection.86}{\376\377\0003\000.\0002\000.\0003\000\040\000P\000e\000r\000t\000u\000r\000b\000a\000t\000i\000v\000e\000\040\000s\000o\000l\000u\000t\000i\000o\000n\000s\000\040\000i\000n\000\040\000F\000G\000\040\000g\000a\000u\000g\000e}{section.82}% 36
\BOOKMARK [2][-]{subsection.87}{\376\377\0003\000.\0002\000.\0004\000\040\000B\000o\000u\000n\000d\000a\000r\000y\000\040\000t\000e\000r\000m\000s\000\040\000a\000n\000d\000\040\000c\000o\000u\000n\000t\000e\000r\000t\000e\000r\000m\000s}{section.82}% 37
\BOOKMARK [2][-]{subsection.88}{\376\377\0003\000.\0002\000.\0005\000\040\000C\000e\000n\000t\000r\000a\000l\000\040\000c\000h\000a\000r\000g\000e}{section.82}% 38
\BOOKMARK [0][-]{appendix.89}{\376\377\000A\000\040\000K\000a\000l\000u\000z\000a\000-\000K\000l\000e\000i\000n\000\040\000r\000e\000d\000u\000c\000t\000i\000o\000n\000\040\000s\000c\000h\000e\000m\000e}{}% 39
\BOOKMARK [0][-]{dummy.107}{\376\377\000B\000i\000b\000l\000i\000o\000g\000r\000a\000p\000h\000y}{}% 40
